<?xml version="1.0" encoding="UTF-8"?>
<!-- Generated by org.testng.reporters.JUnitXMLReporter -->
<testsuite ignored="0" hostname="Rajas-MacBook-Pro.local" failures="1" tests="6" name="Test" time="80.615" errors="0" timestamp="2020-07-22T12:45:18 IST">
  <testcase classname="listeners.TestNGListenerDemo" name="test1" time="0.022"/>
  <testcase classname="listeners.TestNGListenerDemo" name="test2" time="80.304">
    <failure type="org.openqa.selenium.WebDriverException" message="unknown error: cannot determine loading status
from disconnected: received Inspector.detached event
  (Session info: chrome=84.0.4147.89)
Build info: version: &amp;apos;3.141.59&amp;apos;, revision: &amp;apos;e82be7d358&amp;apos;, time: &amp;apos;2018-11-14T08:17:03&amp;apos;
System info: host: &amp;apos;Rajas-MacBook-Pro.local&amp;apos;, ip: &amp;apos;192.168.0.4&amp;apos;, os.name: &amp;apos;Mac OS X&amp;apos;, os.arch: &amp;apos;x86_64&amp;apos;, os.version: &amp;apos;10.14.5&amp;apos;, java.version: &amp;apos;13.0.1&amp;apos;
Driver info: org.openqa.selenium.chrome.ChromeDriver
Capabilities {acceptInsecureCerts: false, browserName: chrome, browserVersion: 84.0.4147.89, chrome: {chromedriverVersion: 84.0.4147.30 (48b3e868b4cc0..., userDataDir: /var/folders/qc/jcf2p9615cq...}, goog:chromeOptions: {debuggerAddress: localhost:56777}, javascriptEnabled: true, networkConnectionEnabled: false, pageLoadStrategy: normal, platform: MAC, platformName: MAC, proxy: Proxy(), setWindowRect: true, strictFileInteractability: false, timeouts: {implicit: 0, pageLoad: 300000, script: 30000}, unhandledPromptBehavior: dismiss and notify, webauthn:virtualAuthenticators: true}
Session ID: 9a4c19f70bf1b5c6634d1b71d1ddf334">
      <![CDATA[org.openqa.selenium.WebDriverException: unknown error: cannot determine loading status
from disconnected: received Inspector.detached event
  (Session info: chrome=84.0.4147.89)
Build info: version: '3.141.59', revision: 'e82be7d358', time: '2018-11-14T08:17:03'
System info: host: 'Rajas-MacBook-Pro.local', ip: '192.168.0.4', os.name: 'Mac OS X', os.arch: 'x86_64', os.version: '10.14.5', java.version: '13.0.1'
Driver info: org.openqa.selenium.chrome.ChromeDriver
Capabilities {acceptInsecureCerts: false, browserName: chrome, browserVersion: 84.0.4147.89, chrome: {chromedriverVersion: 84.0.4147.30 (48b3e868b4cc0..., userDataDir: /var/folders/qc/jcf2p9615cq...}, goog:chromeOptions: {debuggerAddress: localhost:56777}, javascriptEnabled: true, networkConnectionEnabled: false, pageLoadStrategy: normal, platform: MAC, platformName: MAC, proxy: Proxy(), setWindowRect: true, strictFileInteractability: false, timeouts: {implicit: 0, pageLoad: 300000, script: 30000}, unhandledPromptBehavior: dismiss and notify, webauthn:virtualAuthenticators: true}
Session ID: 9a4c19f70bf1b5c6634d1b71d1ddf334
at org.openqa.selenium.remote.http.W3CHttpResponseCodec.createException(W3CHttpResponseCodec.java:187)
at org.openqa.selenium.remote.http.W3CHttpResponseCodec.decode(W3CHttpResponseCodec.java:122)
at org.openqa.selenium.remote.http.W3CHttpResponseCodec.decode(W3CHttpResponseCodec.java:49)
at org.openqa.selenium.remote.HttpCommandExecutor.execute(HttpCommandExecutor.java:158)
at org.openqa.selenium.remote.service.DriverCommandExecutor.execute(DriverCommandExecutor.java:83)
at org.openqa.selenium.remote.RemoteWebDriver.execute(RemoteWebDriver.java:552)
at org.openqa.selenium.remote.RemoteWebDriver.get(RemoteWebDriver.java:277)
at listeners.TestNGListenerDemo.test2(TestNGListenerDemo.java:27)
at java.base/java.util.ArrayList.forEach(ArrayList.java:1507)
... Removed 32 stack frames]]>
    </failure>
  </testcase> <!-- test2 -->
  <testcase classname="listeners.TestNGListenerDemo" name="test3" time="0.005"/>
  <testcase classname="listeners.TestNGListenerDemo2" name="test4" time="0.002"/>
  <testcase classname="listeners.TestNGListenerDemo2" name="test5" time="0.002"/>
  <testcase classname="listeners.TestNGListenerDemo2" name="test6" time="0.002"/>
</testsuite> <!-- Test -->
